2025-08-19 22:51:31,510 [INFO] Activator:176 - 


2025-08-19 22:51:31,515 [INFO] Activator:177 - !SESSION log4j initialized
2025-08-19 22:51:33,888 [ERROR] LogOutputStream:75 - [STDERR_REDIRECT] 
2025-08-19 22:51:34,295 [INFO] LogOutputStream:77 - [STDOUT_REDIRECT] 
2025-08-19 22:51:35,980 [INFO] LogOutputStream:77 - [STDOUT_REDIRECT] 
2025-08-19 22:51:38,871 [INFO] ApplicationProperties:184 - Using Application install path: /Applications/STM32CubeIDE.app/Contents/Eclipse/plugins/com.st.stm32cube.common.mx_6.15.0.202507011659
2025-08-19 22:51:38,887 [INFO] DbMcusXml:78 - Set database path to: /Applications/STM32CubeIDE.app/Contents/Eclipse/plugins/com.st.stm32cube.common.mx_6.15.0.202507011659//db//mcu/
2025-08-19 22:51:38,887 [INFO] ApiDb:274 - Set plugin database path to: /Applications/STM32CubeIDE.app/Contents/Eclipse/plugins/com.st.stm32cube.common.mx_6.15.0.202507011659//db//plugins/boardmanager/
2025-08-19 22:51:38,888 [WARN] ApiDb:259 - Overriding images path with different value:  => /Applications/STM32CubeIDE.app/Contents/Eclipse/plugins/com.st.stm32cube.common.mx_6.15.0.202507011659//db//plugins/mcufinder/images/
2025-08-19 22:51:38,892 [INFO] ApiDb:250 - Set database path to: /Users/vy/.stmcufinder/plugins/mcufinder//mcu/
2025-08-19 22:51:38,893 [INFO] DbMcusAds:125 - Set database path to: /Users/vy/.stmcufinder/plugins/mcufinder//mcu/
2025-08-19 22:51:38,895 [INFO] CrossReferenceDbSqlite:203 - Set database path to: /Users/vy/.stmcufinder/plugins/mcufinder//mcu/cs/
2025-08-19 22:51:39,052 [INFO] RulesReader:64 - Compatibility file has been processed (317 Rules)
2025-08-19 22:51:39,108 [INFO] DbMcusXml:78 - Set database path to: /Applications/STM32CubeIDE.app/Contents/Eclipse/plugins/com.st.stm32cube.common.mx_6.15.0.202507011659//db//mcu/
2025-08-19 22:51:39,108 [INFO] ApiDb:274 - Set plugin database path to: /Applications/STM32CubeIDE.app/Contents/Eclipse/plugins/com.st.stm32cube.common.mx_6.15.0.202507011659//db//plugins/boardmanager/
2025-08-19 22:51:39,109 [INFO] ApiDb:261 - Set plugin images path to: /Applications/STM32CubeIDE.app/Contents/Eclipse/plugins/com.st.stm32cube.common.mx_6.15.0.202507011659//db//plugins/mcufinder/images/
2025-08-19 22:51:39,109 [WARN] DbFile:41 - Overriding database path with different value: /Users/vy/.stmcufinder/plugins/mcufinder/ => /Users/vy/.stmcufinder/plugins/mcufinder
2025-08-19 22:51:39,109 [INFO] ApiDb:250 - Set database path to: /Users/vy/.stmcufinder/plugins/mcufinder//mcu/
2025-08-19 22:51:39,109 [WARN] DbFile:41 - Overriding database path with different value: /Users/vy/.stmcufinder/plugins/mcufinder/ => /Users/vy/.stmcufinder/plugins/mcufinder
2025-08-19 22:51:39,110 [INFO] DbMcusAds:125 - Set database path to: /Users/vy/.stmcufinder/plugins/mcufinder//mcu/
2025-08-19 22:51:39,110 [WARN] DbFile:41 - Overriding database path with different value: /Users/vy/.stmcufinder/plugins/mcufinder/ => /Users/vy/.stmcufinder/plugins/mcufinder
2025-08-19 22:51:39,110 [WARN] DbFile:41 - Overriding database path with different value: /Users/vy/.stmcufinder/plugins/mcufinder/ => /Users/vy/.stmcufinder/plugins/mcufinder
2025-08-19 22:51:39,110 [INFO] CrossReferenceDbSqlite:203 - Set database path to: /Users/vy/.stmcufinder/plugins/mcufinder//mcu/cs/
2025-08-19 22:51:39,183 [INFO] MainPanel:274 - HeapMemory: 268435456
2025-08-19 22:51:39,443 [INFO] DbMcusXml:78 - Set database path to: /Applications/STM32CubeIDE.app/Contents/Eclipse/plugins/com.st.stm32cube.common.mx_6.15.0.202507011659//db//mcu/
2025-08-19 22:51:39,443 [INFO] ApiDb:274 - Set plugin database path to: /Applications/STM32CubeIDE.app/Contents/Eclipse/plugins/com.st.stm32cube.common.mx_6.15.0.202507011659//db//plugins/boardmanager/
2025-08-19 22:51:39,444 [INFO] ApiDb:261 - Set plugin images path to: /Applications/STM32CubeIDE.app/Contents/Eclipse/plugins/com.st.stm32cube.common.mx_6.15.0.202507011659//db//plugins/mcufinder/images/
2025-08-19 22:51:39,444 [WARN] DbFile:41 - Overriding database path with different value: /Users/vy/.stmcufinder/plugins/mcufinder/ => /Users/vy/.stmcufinder/plugins/mcufinder
2025-08-19 22:51:39,444 [INFO] ApiDb:250 - Set database path to: /Users/vy/.stmcufinder/plugins/mcufinder//mcu/
2025-08-19 22:51:39,444 [WARN] DbFile:41 - Overriding database path with different value: /Users/vy/.stmcufinder/plugins/mcufinder/ => /Users/vy/.stmcufinder/plugins/mcufinder
2025-08-19 22:51:39,444 [INFO] DbMcusAds:125 - Set database path to: /Users/vy/.stmcufinder/plugins/mcufinder//mcu/
2025-08-19 22:51:39,444 [WARN] DbFile:41 - Overriding database path with different value: /Users/vy/.stmcufinder/plugins/mcufinder/ => /Users/vy/.stmcufinder/plugins/mcufinder
2025-08-19 22:51:39,444 [WARN] DbFile:41 - Overriding database path with different value: /Users/vy/.stmcufinder/plugins/mcufinder/ => /Users/vy/.stmcufinder/plugins/mcufinder
2025-08-19 22:51:39,444 [INFO] CrossReferenceDbSqlite:203 - Set database path to: /Users/vy/.stmcufinder/plugins/mcufinder//mcu/cs/
2025-08-19 22:51:39,464 [INFO] ApplicationProperties:184 - Using Application install path: /Applications/STM32CubeIDE.app/Contents/Eclipse/plugins/com.st.stm32cube.common.mx_6.15.0.202507011659
2025-08-19 22:51:39,493 [INFO] PluginManage:196 - Search for loadable plugins [exclusion list=, ]
2025-08-19 22:51:39,499 [INFO] PluginManage:310 - Check plugin analytics
2025-08-19 22:51:39,957 [INFO] AnalyticsPlugin:253 - Accepted Software Licenses: 
2025-08-19 22:51:39,965 [INFO] AnalyticsPlugin:255 - Accepted CMSIS Pack Licenses: 
2025-08-19 22:51:39,966 [INFO] AnalyticsPlugin:257 - Accepted Firmware Licenses: 
2025-08-19 22:51:40,039 [INFO] PluginManage:359 - Loaded plugin analytics (category:tool,tabindex:-1)
2025-08-19 22:51:40,043 [INFO] PluginManage:310 - Check plugin cadmodel
2025-08-19 22:51:40,092 [INFO] CADModel:105 - Init CAD model plugin
2025-08-19 22:51:40,092 [INFO] PluginManage:359 - Loaded plugin cadmodel (category:power,tabindex:5)
2025-08-19 22:51:40,094 [INFO] PluginManage:310 - Check plugin clock
2025-08-19 22:51:40,108 [INFO] PluginManage:359 - Loaded plugin clock (category:base,tabindex:2)
2025-08-19 22:51:40,109 [INFO] PluginManage:310 - Check plugin ddr
2025-08-19 22:51:40,111 [INFO] PluginManage:359 - Loaded plugin ddr (category:tool,tabindex:6)
2025-08-19 22:51:40,112 [INFO] PluginManage:310 - Check plugin filemanager
2025-08-19 22:51:40,317 [INFO] PluginManage:359 - Loaded plugin filemanager (category:base,tabindex:10)
2025-08-19 22:51:40,317 [INFO] PluginManage:310 - Check plugin ipmanager
2025-08-19 22:51:40,325 [INFO] PluginManage:359 - Loaded plugin ipmanager (category:base,tabindex:5)
2025-08-19 22:51:40,326 [INFO] PluginManage:310 - Check plugin lpbam
2025-08-19 22:51:40,334 [INFO] PluginManage:359 - Loaded plugin lpbam (category:base,tabindex:0)
2025-08-19 22:51:40,334 [INFO] PluginManage:310 - Check plugin memorymap
2025-08-19 22:51:40,344 [INFO] PluginManage:359 - Loaded plugin memorymap (category:base,tabindex:4)
2025-08-19 22:51:40,344 [INFO] PluginManage:310 - Check plugin pinoutandconfiguration
2025-08-19 22:51:40,350 [INFO] PluginManage:359 - Loaded plugin pinoutandconfiguration (category:base,tabindex:1)
2025-08-19 22:51:40,350 [INFO] PluginManage:310 - Check plugin pinoutconfig
2025-08-19 22:51:40,447 [WARN] SupportedApi:132 - Cannot load RTOS API schema: s4s-elt-must-match.1: The content of 'definitions' must match (annotation?, (simpleType | complexType)?, (unique | key | keyref)*)). A problem was found starting at: attribute.
2025-08-19 22:51:40,620 [INFO] PluginManage:359 - Loaded plugin pinoutconfig (category:base,tabindex:0)
2025-08-19 22:51:40,621 [INFO] PluginManage:310 - Check plugin power
2025-08-19 22:51:40,633 [INFO] PluginManage:359 - Loaded plugin power (category:power,tabindex:4)
2025-08-19 22:51:40,633 [INFO] PluginManage:310 - Check plugin projectmanager
2025-08-19 22:51:40,667 [INFO] PluginManage:359 - Loaded plugin projectmanager (category:projectmanager,tabindex:4)
2025-08-19 22:51:40,667 [INFO] PluginManage:310 - Check plugin rif
2025-08-19 22:51:40,675 [INFO] PluginManage:359 - Loaded plugin rif (category:base,tabindex:3)
2025-08-19 22:51:40,675 [INFO] PluginManage:310 - Check plugin thirdparty
2025-08-19 22:51:40,828 [INFO] PluginManage:359 - Loaded plugin thirdparty (category:base,tabindex:-1)
2025-08-19 22:51:40,829 [INFO] PluginManage:310 - Check plugin tools
2025-08-19 22:51:40,828 [WARN] IntegrityCheckThread:84 - waiting for thirdparty lock release [integrity check]
2025-08-19 22:51:40,833 [INFO] IntegrityCheckThread:86 - entering critical section [integrity check]
2025-08-19 22:51:40,833 [INFO] ThirdPartyUpdaterWithRetryManager:70 - Updater plugin not ready yet. [1/15]
2025-08-19 22:51:40,834 [INFO] PluginManage:359 - Loaded plugin tools (category:base,tabindex:7)
2025-08-19 22:51:40,834 [INFO] PluginManage:310 - Check plugin tutovideos
2025-08-19 22:51:41,031 [INFO] PluginManage:359 - Loaded plugin tutovideos (category:base,tabindex:-1)
2025-08-19 22:51:41,031 [INFO] PluginManage:310 - Check plugin updater
2025-08-19 22:51:41,059 [INFO] PluginManage:359 - Loaded plugin updater (category:base,tabindex:12)
2025-08-19 22:51:41,059 [INFO] PluginManage:310 - Check plugin userauth
2025-08-19 22:51:41,064 [INFO] UserAuth:118 - Init User Auth plugin
2025-08-19 22:51:41,066 [INFO] PluginManage:359 - Loaded plugin userauth (category:base,tabindex:14)
2025-08-19 22:51:41,069 [INFO] PluginManage:283 - PluginManage : Loaded plugins [18]
2025-08-19 22:51:41,312 [INFO] PinOutPanel:1589 - setPackage(No Configuration,No Configuration)
2025-08-19 22:51:41,390 [INFO] CADModel:165 - CPN selected for project level
2025-08-19 22:51:41,391 [INFO] CADModel:114 - Register for checkConnection events
2025-08-19 22:51:41,401 [INFO] IPUIPlugin:80 - create IPUIPlugin
2025-08-19 22:51:41,401 [INFO] PluginManager:220 - loadIPPluginJar : add mdma
2025-08-19 22:51:41,407 [INFO] IPUIPlugin:80 - create IPUIPlugin
2025-08-19 22:51:41,408 [INFO] PluginManager:220 - loadIPPluginJar : add freertos
2025-08-19 22:51:41,411 [INFO] IPUIPlugin:80 - create IPUIPlugin
2025-08-19 22:51:41,411 [INFO] PluginManager:220 - loadIPPluginJar : add gic
2025-08-19 22:51:41,420 [INFO] IPUIPlugin:80 - create IPUIPlugin
2025-08-19 22:51:41,420 [INFO] PluginManager:220 - loadIPPluginJar : add adc
2025-08-19 22:51:41,423 [INFO] IPUIPlugin:80 - create IPUIPlugin
2025-08-19 22:51:41,423 [INFO] PluginManager:220 - loadIPPluginJar : add gtzc
2025-08-19 22:51:41,424 [INFO] IPUIPlugin:80 - create IPUIPlugin
2025-08-19 22:51:41,424 [INFO] PluginManager:220 - loadIPPluginJar : add quadspi
2025-08-19 22:51:41,426 [INFO] IPUIPlugin:80 - create IPUIPlugin
2025-08-19 22:51:41,426 [INFO] PluginManager:220 - loadIPPluginJar : add aes
2025-08-19 22:51:41,427 [INFO] IPUIPlugin:80 - create IPUIPlugin
2025-08-19 22:51:41,428 [INFO] PluginManager:220 - loadIPPluginJar : add pdm2pcm
2025-08-19 22:51:41,429 [INFO] IPUIPlugin:80 - create IPUIPlugin
2025-08-19 22:51:41,429 [INFO] PluginManager:220 - loadIPPluginJar : add hash
2025-08-19 22:51:41,430 [INFO] IPUIPlugin:80 - create IPUIPlugin
2025-08-19 22:51:41,430 [INFO] PluginManager:220 - loadIPPluginJar : add tim
2025-08-19 22:51:41,431 [INFO] IPUIPlugin:80 - create IPUIPlugin
2025-08-19 22:51:41,431 [INFO] PluginManager:220 - loadIPPluginJar : add tsc
2025-08-19 22:51:41,433 [INFO] IPUIPlugin:80 - create IPUIPlugin
2025-08-19 22:51:41,433 [INFO] PluginManager:220 - loadIPPluginJar : add extmemmanager
2025-08-19 22:51:41,434 [INFO] IPUIPlugin:80 - create IPUIPlugin
2025-08-19 22:51:41,435 [INFO] PluginManager:220 - loadIPPluginJar : add ts
2025-08-19 22:51:41,436 [INFO] IPUIPlugin:80 - create IPUIPlugin
2025-08-19 22:51:41,436 [INFO] PluginManager:220 - loadIPPluginJar : add radio
2025-08-19 22:51:41,437 [INFO] IPUIPlugin:80 - create IPUIPlugin
2025-08-19 22:51:41,437 [INFO] PluginManager:220 - loadIPPluginJar : add can
2025-08-19 22:51:41,438 [INFO] IPUIPlugin:80 - create IPUIPlugin
2025-08-19 22:51:41,438 [INFO] PluginManager:220 - loadIPPluginJar : add dma3
2025-08-19 22:51:41,440 [INFO] IPUIPlugin:80 - create IPUIPlugin
2025-08-19 22:51:41,440 [INFO] PluginManager:220 - loadIPPluginJar : add dfsdm
2025-08-19 22:51:41,441 [INFO] IPUIPlugin:80 - create IPUIPlugin
2025-08-19 22:51:41,441 [INFO] PluginManager:220 - loadIPPluginJar : add spi
2025-08-19 22:51:41,442 [INFO] IPUIPlugin:80 - create IPUIPlugin
2025-08-19 22:51:41,443 [INFO] PluginManager:220 - loadIPPluginJar : add gfxmmu
2025-08-19 22:51:41,444 [INFO] IPUIPlugin:80 - create IPUIPlugin
2025-08-19 22:51:41,444 [INFO] PluginManager:220 - loadIPPluginJar : add genericplugin
2025-08-19 22:51:41,446 [INFO] IPUIPlugin:80 - create IPUIPlugin
2025-08-19 22:51:41,446 [INFO] PluginManager:220 - loadIPPluginJar : add cryp
2025-08-19 22:51:41,448 [INFO] IPUIPlugin:80 - create IPUIPlugin
2025-08-19 22:51:41,448 [INFO] PluginManager:220 - loadIPPluginJar : add gpio
2025-08-19 22:51:41,451 [INFO] IPUIPlugin:80 - create IPUIPlugin
2025-08-19 22:51:41,451 [INFO] PluginManager:220 - loadIPPluginJar : add ddr_ctrl_phy
2025-08-19 22:51:41,453 [INFO] IPUIPlugin:80 - create IPUIPlugin
2025-08-19 22:51:41,453 [INFO] PluginManager:220 - loadIPPluginJar : add comp
2025-08-19 22:51:41,455 [INFO] IPUIPlugin:80 - create IPUIPlugin
2025-08-19 22:51:41,455 [INFO] PluginManager:220 - loadIPPluginJar : add tracer_emb
2025-08-19 22:51:41,457 [INFO] IPUIPlugin:80 - create IPUIPlugin
2025-08-19 22:51:41,457 [INFO] PluginManager:220 - loadIPPluginJar : add openamp
2025-08-19 22:51:41,461 [INFO] IPUIPlugin:80 - create IPUIPlugin
2025-08-19 22:51:41,461 [INFO] PluginManager:220 - loadIPPluginJar : add stm32_wpan
2025-08-19 22:51:41,466 [INFO] IPUIPlugin:80 - create IPUIPlugin
2025-08-19 22:51:41,468 [INFO] PluginManager:220 - loadIPPluginJar : add plateformsettings
2025-08-19 22:51:41,470 [INFO] IPUIPlugin:80 - create IPUIPlugin
2025-08-19 22:51:41,470 [INFO] PluginManager:220 - loadIPPluginJar : add ipddr
2025-08-19 22:51:41,471 [INFO] IPUIPlugin:80 - create IPUIPlugin
2025-08-19 22:51:41,472 [INFO] PluginManager:220 - loadIPPluginJar : add usart
2025-08-19 22:51:41,472 [INFO] IPUIPlugin:80 - create IPUIPlugin
2025-08-19 22:51:41,472 [INFO] PluginManager:220 - loadIPPluginJar : add ltdc
2025-08-19 22:51:41,474 [INFO] IPUIPlugin:80 - create IPUIPlugin
2025-08-19 22:51:41,474 [INFO] PluginManager:220 - loadIPPluginJar : add nvic
2025-08-19 22:51:41,475 [INFO] IPUIPlugin:80 - create IPUIPlugin
2025-08-19 22:51:41,475 [INFO] PluginManager:220 - loadIPPluginJar : add fatfs
2025-08-19 22:51:41,480 [INFO] IPUIPlugin:80 - create IPUIPlugin
2025-08-19 22:51:41,480 [INFO] PluginManager:220 - loadIPPluginJar : add linkedlist
2025-08-19 22:51:41,485 [INFO] IPUIPlugin:80 - create IPUIPlugin
2025-08-19 22:51:41,485 [INFO] PluginManager:220 - loadIPPluginJar : add dma
2025-08-19 22:51:41,488 [INFO] IPUIPlugin:80 - create IPUIPlugin
2025-08-19 22:51:41,488 [INFO] PluginManager:220 - loadIPPluginJar : add fmc
2025-08-19 22:51:41,490 [INFO] IPUIPlugin:80 - create IPUIPlugin
2025-08-19 22:51:41,491 [INFO] PluginManager:220 - loadIPPluginJar : add i2s
2025-08-19 22:51:41,492 [INFO] IPUIPlugin:80 - create IPUIPlugin
2025-08-19 22:51:41,492 [INFO] PluginManager:220 - loadIPPluginJar : add ucpd
2025-08-19 22:51:41,493 [INFO] IPUIPlugin:80 - create IPUIPlugin
2025-08-19 22:51:41,493 [INFO] PluginManager:220 - loadIPPluginJar : add lorawan
2025-08-19 22:51:41,495 [INFO] IPUIPlugin:80 - create IPUIPlugin
2025-08-19 22:51:41,495 [INFO] PluginManager:220 - loadIPPluginJar : add opamp
2025-08-19 22:51:41,497 [INFO] IPUIPlugin:80 - create IPUIPlugin
2025-08-19 22:51:41,497 [INFO] PluginManager:220 - loadIPPluginJar : add i3c
2025-08-19 22:51:41,498 [INFO] IPUIPlugin:80 - create IPUIPlugin
2025-08-19 22:51:41,498 [INFO] PluginManager:220 - loadIPPluginJar : add touchsensing
2025-08-19 22:51:41,500 [INFO] IPUIPlugin:80 - create IPUIPlugin
2025-08-19 22:51:41,500 [INFO] PluginManager:220 - loadIPPluginJar : add i2c
2025-08-19 22:51:41,502 [INFO] IPUIPlugin:80 - create IPUIPlugin
2025-08-19 22:51:41,502 [INFO] PluginManager:220 - loadIPPluginJar : add resmgrutility
2025-08-19 22:51:41,504 [INFO] IPUIPlugin:80 - create IPUIPlugin
2025-08-19 22:51:41,504 [INFO] PluginManager:220 - loadIPPluginJar : add sai
2025-08-19 22:51:41,506 [INFO] IPUIPlugin:80 - create IPUIPlugin
2025-08-19 22:51:41,506 [INFO] PluginManager:220 - loadIPPluginJar : add usbx
2025-08-19 22:51:41,645 [FATAL] Updater:351 - Updater called before beeing initialized
2025-08-19 22:51:41,707 [INFO] RulesReader:64 - Compatibility file has been processed (317 Rules)
2025-08-19 22:51:41,724 [INFO] RulesReader:64 - Compatibility file has been processed (317 Rules)
2025-08-19 22:51:41,734 [INFO] CADModel:165 - CPN selected for project level
2025-08-19 22:51:41,734 [INFO] CADModel:114 - Register for checkConnection events
2025-08-19 22:51:41,734 [FATAL] Updater:351 - Updater called before beeing initialized
2025-08-19 22:51:41,734 [ERROR] CADModel:125 - Updater not yet initialized, retry later 
2025-08-19 22:51:41,958 [FATAL] Updater:351 - Updater called before beeing initialized
2025-08-19 22:51:41,959 [INFO] CADModel:165 - CPN selected for project level
2025-08-19 22:51:41,959 [INFO] CADModel:114 - Register for checkConnection events
2025-08-19 22:51:41,959 [FATAL] Updater:351 - Updater called before beeing initialized
2025-08-19 22:51:41,959 [ERROR] CADModel:125 - Updater not yet initialized, retry later 
2025-08-19 22:51:41,961 [FATAL] Updater:351 - Updater called before beeing initialized
2025-08-19 22:51:42,115 [FATAL] Updater:351 - Updater called before beeing initialized
2025-08-19 22:51:42,122 [INFO] DbMcusAds:53 - JSON generation date=Tue Jul 08 04:14:23 EDT 2025 (1751962463582)
2025-08-19 22:51:42,122 [FATAL] Updater:351 - Updater called before beeing initialized
2025-08-19 22:51:42,178 [WARN] DetailPanel:346 - Failed to get advertising image, set to default
2025-08-19 22:51:42,250 [FATAL] Updater:351 - Updater called before beeing initialized
2025-08-19 22:51:42,254 [FATAL] Updater:351 - Updater called before beeing initialized
2025-08-19 22:51:42,254 [FATAL] Updater:351 - Updater called before beeing initialized
2025-08-19 22:51:42,255 [WARN] DetailPanel:346 - Failed to get advertising image, set to default
2025-08-19 22:51:42,257 [FATAL] Updater:351 - Updater called before beeing initialized
2025-08-19 22:51:42,327 [ERROR] Updater:1198 - MainUpdater not yet initialized. External WinMGr cannot be set.
2025-08-19 22:51:42,403 [INFO] Updater:1134 - Updater Version found : 6.15.0
2025-08-19 22:51:42,416 [INFO] ApplicationProperties:184 - Using Application install path: /Applications/STM32CubeIDE.app/Contents/Eclipse/plugins/com.st.stm32cube.common.mx_6.15.0.202507011659
2025-08-19 22:51:42,855 [INFO] MainUpdater:2872 - connection check result : 10
2025-08-19 22:51:42,856 [INFO] MainUpdater:289 - Updater Check For Update Now.
2025-08-19 22:51:42,857 [INFO] MicroXplorer:498 - Change Database Version : DB.6.0.150
2025-08-19 22:51:42,870 [INFO] McuFinderGlobals:63 - Set McuFinder mode to 2 (CubeIDE integrated)
2025-08-19 22:51:42,870 [INFO] UserAuth:171 - activating auth plugin
2025-08-19 22:51:42,889 [INFO] UserAuth:487 - Internet connection configuration mode: 1
2025-08-19 22:51:42,907 [INFO] JxBrowserEngine:152 - Initiate JxBrowser Engine with user profile folder
2025-08-19 22:51:43,169 [INFO] CheckServerUpdateThread:120 - End of CheckServer Thread
2025-08-19 22:51:44,075 [WARN] PackLoader:240 - Cannot read IP mode file for STMicroelectronics.FP-SNS-MOTENVWB1.1.4.0
2025-08-19 22:51:44,106 [WARN] PackLoader:240 - Cannot read IP mode file for STMicroelectronics.FP-ATR-ASTRA1.2.0.2
2025-08-19 22:51:44,121 [WARN] PackLoader:240 - Cannot read IP mode file for STMicroelectronics.X-CUBE-SMBUS.2.1.0
2025-08-19 22:51:44,128 [WARN] PackLoader:240 - Cannot read IP mode file for STMicroelectronics.X-CUBE-ST60.1.0.0
2025-08-19 22:51:44,183 [WARN] PackLoader:240 - Cannot read IP mode file for STMicroelectronics.X-CUBE-AZRTOS-F7.1.1.0
2025-08-19 22:51:44,258 [WARN] PackLoader:240 - Cannot read IP mode file for Infineon.AIROC-Wi-Fi-Bluetooth-STM32.1.7.1
2025-08-19 22:51:44,338 [WARN] PackLoader:240 - Cannot read IP mode file for STMicroelectronics.X-CUBE-AZRTOS-H7.3.4.0
2025-08-19 22:51:44,382 [WARN] PackLoader:240 - Cannot read IP mode file for STMicroelectronics.X-CUBE-DISPLAY.3.0.0
2025-08-19 22:51:44,404 [WARN] PackLoader:240 - Cannot read IP mode file for STMicroelectronics.X-CUBE-NFC10.1.0.0
2025-08-19 22:51:44,422 [WARN] PackLoader:240 - Cannot read IP mode file for emotas.I-CUBE-CANOPEN.1.3.0
2025-08-19 22:51:44,437 [WARN] PackLoader:240 - Cannot read IP mode file for STMicroelectronics.FP-SNS-STBOX1.2.1.0
2025-08-19 22:51:44,445 [WARN] PackLoader:240 - Cannot read IP mode file for STMicroelectronics.FP-SNS-SMARTAG2.1.2.0
2025-08-19 22:51:44,452 [WARN] PackLoader:240 - Cannot read IP mode file for STMicroelectronics.FP-SNS-FLIGHT1.5.1.0
2025-08-19 22:51:44,463 [INFO] LogOutputStream:77 - [STDOUT_REDIRECT] 1 : Invalid condition id : UX_CORESTACK_Condition cause : null
2025-08-19 22:51:44,464 [INFO] LogOutputStream:77 - [STDOUT_REDIRECT] 1 : Invalid condition id : UX_CORESTACK_Condition cause : null
2025-08-19 22:51:44,465 [INFO] LogOutputStream:77 - [STDOUT_REDIRECT] 1 : Invalid condition id : UX_CORESTACK_Condition cause : null
2025-08-19 22:51:44,465 [INFO] LogOutputStream:77 - [STDOUT_REDIRECT] 1 : Invalid condition id : UX_CORESTACK_Condition cause : null
2025-08-19 22:51:44,465 [INFO] LogOutputStream:77 - [STDOUT_REDIRECT] 1 : Invalid condition id : UX_CORESTACK_Condition cause : null
2025-08-19 22:51:44,479 [WARN] PackLoader:240 - Cannot read IP mode file for STMicroelectronics.X-CUBE-AZRTOS-WL.2.0.0
2025-08-19 22:51:44,489 [WARN] PackLoader:240 - Cannot read IP mode file for STMicroelectronics.FP-SNS-MOTENV1.5.0.0
2025-08-19 22:51:44,506 [WARN] PackLoader:240 - Cannot read IP mode file for WES.I-CUBE-Cesium.1.3.0
2025-08-19 22:51:44,524 [WARN] PackLoader:240 - Cannot read IP mode file for STMicroelectronics.X-CUBE-BLE2.3.3.0
2025-08-19 22:51:44,533 [WARN] PackLoader:240 - Cannot read IP mode file for STMicroelectronics.X-CUBE-NFC9.1.0.0
2025-08-19 22:51:44,540 [WARN] PackLoader:240 - Cannot read IP mode file for wolfSSL.I-CUBE-wolfSSL.5.8.2
2025-08-19 22:51:44,551 [WARN] PackLoader:240 - Cannot read IP mode file for STMicroelectronics.X-CUBE-BLE1.7.1.0
2025-08-19 22:51:44,559 [WARN] PackLoader:240 - Cannot read IP mode file for wolfSSL.I-CUBE-wolfMQTT.1.19.2
2025-08-19 22:51:44,565 [WARN] PackLoader:240 - Cannot read IP mode file for STMicroelectronics.X-CUBE-EEPRMA1.5.2.0
2025-08-19 22:51:44,588 [WARN] PackLoader:240 - Cannot read IP mode file for STMicroelectronics.X-CUBE-AZRTOS-G0.1.1.0
2025-08-19 22:51:44,606 [WARN] PackLoader:240 - Cannot read IP mode file for STMicroelectronics.X-CUBE-SAFEA1.1.2.2
2025-08-19 22:51:44,615 [WARN] PackLoader:240 - Cannot read IP mode file for STMicroelectronics.X-CUBE-NFC4.3.0.0
2025-08-19 22:51:44,632 [WARN] PackLoader:240 - Cannot read IP mode file for EmbeddedOffice.I-CUBE-FS-RTOS.1.0.1
2025-08-19 22:51:44,669 [WARN] PackLoader:240 - Cannot read IP mode file for STMicroelectronics.X-CUBE-WB05N.2.0.0
2025-08-19 22:51:44,687 [WARN] PackLoader:240 - Cannot read IP mode file for wolfSSL.I-CUBE-wolfTPM.3.8.0
2025-08-19 22:51:44,699 [WARN] PackLoader:240 - Cannot read IP mode file for STMicroelectronics.X-CUBE-TCPP.4.2.0
2025-08-19 22:51:44,706 [WARN] PackLoader:240 - Cannot read IP mode file for RealThread.X-CUBE-RT-Thread_Nano.4.1.1
2025-08-19 22:51:44,708 [WARN] PackLoader:240 - Cannot read IP mode file for STMicroelectronics.FP-ATR-SIGFOX1.3.2.0
2025-08-19 22:51:44,713 [WARN] PackLoader:240 - Cannot read IP mode file for ITTIA_DB.I-CUBE-ITTIADB.8.9.0
2025-08-19 22:51:44,720 [WARN] PackLoader:240 - Cannot read IP mode file for STMicroelectronics.X-CUBE-ST67W61.1.0.0
2025-08-19 22:51:44,725 [WARN] PackLoader:240 - Cannot read IP mode file for STMicroelectronics.X-CUBE-AI.10.2.0
2025-08-19 22:51:44,787 [WARN] PackLoader:240 - Cannot read IP mode file for SEGGER.I-CUBE-embOS.1.3.1
2025-08-19 22:51:44,831 [WARN] PackLoader:240 - Cannot read IP mode file for STMicroelectronics.X-CUBE-ALGOBUILD.1.4.0
2025-08-19 22:51:44,912 [WARN] PackLoader:240 - Cannot read IP mode file for STMicroelectronics.X-CUBE-MEMS1.11.3.0
2025-08-19 22:51:45,259 [WARN] PackLoader:240 - Cannot read IP mode file for STMicroelectronics.X-CUBE-PM33A1.1.0.0
2025-08-19 22:51:45,318 [WARN] PackLoader:240 - Cannot read IP mode file for STMicroelectronics.X-CUBE-AZRTOS-F4.1.1.0
2025-08-19 22:51:45,328 [WARN] PackLoader:240 - Cannot read IP mode file for Avnet-IotConnect.X-CUBE-IoTC-DA16k-PMOD.1.0.0
2025-08-19 22:51:45,336 [WARN] PackLoader:240 - Cannot read IP mode file for STMicroelectronics.X-CUBE-ISPU.2.1.0
2025-08-19 22:51:45,346 [WARN] PackLoader:240 - Cannot read IP mode file for STMicroelectronics.X-CUBE-NFC12.1.0.0
2025-08-19 22:51:45,401 [WARN] PackLoader:240 - Cannot read IP mode file for STMicroelectronics.X-CUBE-AZRTOS-L5.2.0.0
2025-08-19 22:51:45,433 [WARN] PackLoader:240 - Cannot read IP mode file for STMicroelectronics.X-CUBE-NFC6.3.1.0
2025-08-19 22:51:45,444 [WARN] PackLoader:240 - Cannot read IP mode file for STMicroelectronics.X-CUBE-FREERTOS.1.3.1
2025-08-19 22:51:45,454 [WARN] PackLoader:240 - Cannot read IP mode file for STMicroelectronics.FP-SNS-STAIOTCFT.1.0.0
2025-08-19 22:51:45,462 [WARN] PackLoader:240 - Cannot read IP mode file for STMicroelectronics.X-CUBE-DPower.1.3.0
2025-08-19 22:51:45,485 [WARN] ConditionMgr:438 - getConditionDescription Invalid condition id : LAN8742 Phy interface Condition cause : null
2025-08-19 22:51:45,488 [WARN] PackLoader:240 - Cannot read IP mode file for STMicroelectronics.X-CUBE-AZRTOS-L4.2.0.0
2025-08-19 22:51:45,493 [WARN] ConditionMgr:1044 - genDependencies : Invalid condition id : LAN8742 Phy interface Condition cause : null
2025-08-19 22:51:45,494 [WARN] ConditionMgr:1044 - genDependencies : Invalid condition id : LAN8742 Phy interface Condition cause : null
2025-08-19 22:51:45,496 [WARN] ConditionMgr:1044 - genDependencies : Invalid condition id : LAN8742 Phy interface Condition cause : null
2025-08-19 22:51:45,506 [WARN] PackLoader:240 - Cannot read IP mode file for STMicroelectronics.X-CUBE-SFXS2LP1.4.0.0
2025-08-19 22:51:45,525 [WARN] PackLoader:240 - Cannot read IP mode file for STMicroelectronics.X-CUBE-BLEMGR.4.1.0
2025-08-19 22:51:45,564 [WARN] ConditionMgr:438 - getConditionDescription Invalid condition id : UX DEVICE CLASS RTOS Condition cause : null
2025-08-19 22:51:45,565 [WARN] ConditionMgr:438 - getConditionDescription Invalid condition id : UX DEVICE CLASS RTOS Condition cause : null
2025-08-19 22:51:45,569 [WARN] PackLoader:240 - Cannot read IP mode file for STMicroelectronics.X-CUBE-AZRTOS-WB.2.0.0
2025-08-19 22:51:45,572 [WARN] ConditionMgr:1044 - genDependencies : Invalid condition id : UX DEVICE CLASS RTOS Condition cause : null
2025-08-19 22:51:45,572 [WARN] ConditionMgr:1044 - genDependencies : Invalid condition id : UX DEVICE CLASS RTOS Condition cause : null
2025-08-19 22:51:45,572 [WARN] ConditionMgr:1044 - genDependencies : Invalid condition id : UX DEVICE CLASS RTOS Condition cause : null
2025-08-19 22:51:45,573 [WARN] ConditionMgr:1044 - genDependencies : Invalid condition id : UX DEVICE CLASS RTOS Condition cause : null
2025-08-19 22:51:45,573 [WARN] ConditionMgr:1044 - genDependencies : Invalid condition id : UX DEVICE CLASS RTOS Condition cause : null
2025-08-19 22:51:45,581 [WARN] PackLoader:240 - Cannot read IP mode file for STMicroelectronics.X-CUBE-GNSS1.7.0.1
2025-08-19 22:51:45,605 [WARN] PackLoader:240 - Cannot read IP mode file for STMicroelectronics.X-CUBE-TOUCHGFX.4.25.0
2025-08-19 22:51:45,610 [WARN] ConditionMgr:438 - getConditionDescription Invalid condition id : Cortex-A Device cause : null
2025-08-19 22:51:45,672 [WARN] ConditionMgr:1044 - genDependencies : Invalid condition id : Cortex-A Device cause : null
2025-08-19 22:51:45,672 [WARN] ConditionMgr:1044 - genDependencies : Invalid condition id : Cortex-A Device cause : null
2025-08-19 22:51:45,673 [WARN] ConditionMgr:1044 - genDependencies : Invalid condition id : Cortex-A Device cause : null
2025-08-19 22:51:45,687 [WARN] PackLoader:240 - Cannot read IP mode file for STMicroelectronics.X-CUBE-SUBG2.5.0.0
2025-08-19 22:51:45,722 [WARN] PackLoader:240 - Cannot read IP mode file for STMicroelectronics.X-CUBE-AZRTOS-H7RS.1.1.0
2025-08-19 22:51:45,731 [WARN] PackLoader:240 - Cannot read IP mode file for Cesanta.I-CUBE-Mongoose.7.13.0
2025-08-19 22:51:45,746 [WARN] PackLoader:240 - Cannot read IP mode file for STMicroelectronics.X-CUBE-AZRTOS-G4.2.0.0
2025-08-19 22:51:45,755 [WARN] PackLoader:240 - Cannot read IP mode file for wolfSSL.I-CUBE-wolfSSH.1.4.20
2025-08-19 22:51:45,759 [WARN] PackLoader:240 - Cannot read IP mode file for STMicroelectronics.X-CUBE-NFC7.2.0.0
2025-08-19 22:51:45,811 [WARN] PackLoader:240 - Cannot read IP mode file for STMicroelectronics.X-CUBE-IPS.3.1.0
2025-08-19 22:51:45,821 [WARN] PackLoader:240 - Cannot read IP mode file for STMicroelectronics.X-CUBE-ALS.1.0.2
2025-08-19 22:51:45,827 [WARN] PackLoader:240 - Cannot read IP mode file for portGmbH.I-Cube-SoM-uGOAL.1.1.0
2025-08-19 22:51:45,839 [WARN] PackLoader:240 - Cannot read IP mode file for STMicroelectronics.X-CUBE-TOF1.3.4.3
2025-08-19 22:51:45,848 [INFO] ThirdParty:978 - Integrity check success = true
2025-08-19 22:51:45,848 [INFO] IntegrityCheckThread:100 - exiting critical section [integrity check]
2025-08-19 22:51:45,848 [INFO] IntegrityCheckThread:103 - End integrity checks thread
2025-08-19 22:51:47,715 [INFO] WebApp:169 - Instantiating new browser for Auth
2025-08-19 22:51:49,341 [INFO] WebApp:463 - Apply proxy settings
2025-08-19 22:51:49,363 [INFO] WebApp:508 - Chromium authenticates against Manually configured proxy
2025-08-19 22:51:49,380 [INFO] WebApp:516 - Username used for proxy authentication: 
2025-08-19 22:51:49,433 [INFO] WebApp:900 - Register for checkConnection events
2025-08-19 22:51:49,434 [INFO] WebApp:463 - Apply proxy settings
2025-08-19 22:51:49,440 [INFO] WebApp:508 - Chromium authenticates against Manually configured proxy
2025-08-19 22:51:49,440 [INFO] WebApp:516 - Username used for proxy authentication: 
2025-08-19 22:51:49,647 [INFO] WebApp:225 - Starting web application
2025-08-19 22:51:49,648 [INFO] WebApp:593 - Web application path used /Applications/STM32CubeIDE.app/Contents/Eclipse/plugins/com.st.stm32cube.common.mx_6.15.0.202507011659/db/plugins/mcufinder/reactClient1/index.html
2025-08-19 22:51:50,156 [INFO] WebApp:191 - Connection restablished
2025-08-19 23:00:19,732 [ERROR] LogOutputStream:75 - [STDERR_REDIRECT] 
