2025-08-05 23:45:25,153 [INFO] Activator:176 - 


2025-08-05 23:45:25,155 [INFO] Activator:177 - !SESSION log4j initialized
2025-08-05 23:45:27,035 [ERROR] LogOutputStream:75 - [STDERR_REDIRECT] 
2025-08-05 23:45:28,884 [INFO] LogOutputStream:77 - [STDOUT_REDIRECT] 
2025-08-05 23:45:31,015 [INFO] ApplicationProperties:184 - Using Application install path: /Applications/STM32CubeIDE.app/Contents/Eclipse/plugins/com.st.stm32cube.common.mx_6.15.0.202507011659
2025-08-05 23:45:31,031 [INFO] DbMcusXml:78 - Set database path to: /Applications/STM32CubeIDE.app/Contents/Eclipse/plugins/com.st.stm32cube.common.mx_6.15.0.202507011659//db//mcu/
2025-08-05 23:45:31,031 [INFO] ApiDb:274 - Set plugin database path to: /Applications/STM32CubeIDE.app/Contents/Eclipse/plugins/com.st.stm32cube.common.mx_6.15.0.202507011659//db//plugins/boardmanager/
2025-08-05 23:45:31,032 [WARN] ApiDb:259 - Overriding images path with different value:  => /Applications/STM32CubeIDE.app/Contents/Eclipse/plugins/com.st.stm32cube.common.mx_6.15.0.202507011659//db//plugins/mcufinder/images/
2025-08-05 23:45:31,042 [INFO] ApiDb:250 - Set database path to: /Users/vy/.stmcufinder/plugins/mcufinder//mcu/
2025-08-05 23:45:31,043 [INFO] DbMcusAds:125 - Set database path to: /Users/vy/.stmcufinder/plugins/mcufinder//mcu/
2025-08-05 23:45:31,044 [INFO] CrossReferenceDbSqlite:203 - Set database path to: /Users/vy/.stmcufinder/plugins/mcufinder//mcu/cs/
2025-08-05 23:45:31,205 [INFO] RulesReader:64 - Compatibility file has been processed (317 Rules)
2025-08-05 23:45:31,268 [INFO] DbMcusXml:78 - Set database path to: /Applications/STM32CubeIDE.app/Contents/Eclipse/plugins/com.st.stm32cube.common.mx_6.15.0.202507011659//db//mcu/
2025-08-05 23:45:31,268 [INFO] ApiDb:274 - Set plugin database path to: /Applications/STM32CubeIDE.app/Contents/Eclipse/plugins/com.st.stm32cube.common.mx_6.15.0.202507011659//db//plugins/boardmanager/
2025-08-05 23:45:31,269 [INFO] ApiDb:261 - Set plugin images path to: /Applications/STM32CubeIDE.app/Contents/Eclipse/plugins/com.st.stm32cube.common.mx_6.15.0.202507011659//db//plugins/mcufinder/images/
2025-08-05 23:45:31,269 [WARN] DbFile:41 - Overriding database path with different value: /Users/vy/.stmcufinder/plugins/mcufinder/ => /Users/vy/.stmcufinder/plugins/mcufinder
2025-08-05 23:45:31,269 [INFO] ApiDb:250 - Set database path to: /Users/vy/.stmcufinder/plugins/mcufinder//mcu/
2025-08-05 23:45:31,269 [WARN] DbFile:41 - Overriding database path with different value: /Users/vy/.stmcufinder/plugins/mcufinder/ => /Users/vy/.stmcufinder/plugins/mcufinder
2025-08-05 23:45:31,269 [INFO] DbMcusAds:125 - Set database path to: /Users/vy/.stmcufinder/plugins/mcufinder//mcu/
2025-08-05 23:45:31,269 [WARN] DbFile:41 - Overriding database path with different value: /Users/vy/.stmcufinder/plugins/mcufinder/ => /Users/vy/.stmcufinder/plugins/mcufinder
2025-08-05 23:45:31,270 [WARN] DbFile:41 - Overriding database path with different value: /Users/vy/.stmcufinder/plugins/mcufinder/ => /Users/vy/.stmcufinder/plugins/mcufinder
2025-08-05 23:45:31,270 [INFO] CrossReferenceDbSqlite:203 - Set database path to: /Users/vy/.stmcufinder/plugins/mcufinder//mcu/cs/
2025-08-05 23:45:31,343 [INFO] MainPanel:274 - HeapMemory: 268435456
2025-08-05 23:45:31,596 [INFO] DbMcusXml:78 - Set database path to: /Applications/STM32CubeIDE.app/Contents/Eclipse/plugins/com.st.stm32cube.common.mx_6.15.0.202507011659//db//mcu/
2025-08-05 23:45:31,597 [INFO] ApiDb:274 - Set plugin database path to: /Applications/STM32CubeIDE.app/Contents/Eclipse/plugins/com.st.stm32cube.common.mx_6.15.0.202507011659//db//plugins/boardmanager/
2025-08-05 23:45:31,597 [INFO] ApiDb:261 - Set plugin images path to: /Applications/STM32CubeIDE.app/Contents/Eclipse/plugins/com.st.stm32cube.common.mx_6.15.0.202507011659//db//plugins/mcufinder/images/
2025-08-05 23:45:31,597 [WARN] DbFile:41 - Overriding database path with different value: /Users/vy/.stmcufinder/plugins/mcufinder/ => /Users/vy/.stmcufinder/plugins/mcufinder
2025-08-05 23:45:31,597 [INFO] ApiDb:250 - Set database path to: /Users/vy/.stmcufinder/plugins/mcufinder//mcu/
2025-08-05 23:45:31,597 [WARN] DbFile:41 - Overriding database path with different value: /Users/vy/.stmcufinder/plugins/mcufinder/ => /Users/vy/.stmcufinder/plugins/mcufinder
2025-08-05 23:45:31,597 [INFO] DbMcusAds:125 - Set database path to: /Users/vy/.stmcufinder/plugins/mcufinder//mcu/
2025-08-05 23:45:31,597 [WARN] DbFile:41 - Overriding database path with different value: /Users/vy/.stmcufinder/plugins/mcufinder/ => /Users/vy/.stmcufinder/plugins/mcufinder
2025-08-05 23:45:31,597 [WARN] DbFile:41 - Overriding database path with different value: /Users/vy/.stmcufinder/plugins/mcufinder/ => /Users/vy/.stmcufinder/plugins/mcufinder
2025-08-05 23:45:31,598 [INFO] CrossReferenceDbSqlite:203 - Set database path to: /Users/vy/.stmcufinder/plugins/mcufinder//mcu/cs/
2025-08-05 23:45:31,615 [INFO] ApplicationProperties:184 - Using Application install path: /Applications/STM32CubeIDE.app/Contents/Eclipse/plugins/com.st.stm32cube.common.mx_6.15.0.202507011659
2025-08-05 23:45:31,616 [INFO] PluginManage:196 - Search for loadable plugins [exclusion list=, ]
2025-08-05 23:45:31,618 [INFO] PluginManage:310 - Check plugin analytics
2025-08-05 23:45:31,948 [INFO] AnalyticsPlugin:253 - Accepted Software Licenses: 
2025-08-05 23:45:31,950 [INFO] AnalyticsPlugin:255 - Accepted CMSIS Pack Licenses: 
2025-08-05 23:45:31,951 [INFO] AnalyticsPlugin:257 - Accepted Firmware Licenses: 
2025-08-05 23:45:31,972 [INFO] PluginManage:359 - Loaded plugin analytics (category:tool,tabindex:-1)
2025-08-05 23:45:31,973 [INFO] PluginManage:310 - Check plugin cadmodel
2025-08-05 23:45:31,986 [INFO] CADModel:105 - Init CAD model plugin
2025-08-05 23:45:31,986 [INFO] PluginManage:359 - Loaded plugin cadmodel (category:power,tabindex:5)
2025-08-05 23:45:31,987 [INFO] PluginManage:310 - Check plugin clock
2025-08-05 23:45:31,997 [INFO] PluginManage:359 - Loaded plugin clock (category:base,tabindex:2)
2025-08-05 23:45:31,998 [INFO] PluginManage:310 - Check plugin ddr
2025-08-05 23:45:32,000 [INFO] PluginManage:359 - Loaded plugin ddr (category:tool,tabindex:6)
2025-08-05 23:45:32,001 [INFO] PluginManage:310 - Check plugin filemanager
2025-08-05 23:45:32,502 [INFO] PluginManage:359 - Loaded plugin filemanager (category:base,tabindex:10)
2025-08-05 23:45:32,511 [INFO] PluginManage:310 - Check plugin ipmanager
2025-08-05 23:45:32,571 [INFO] PluginManage:359 - Loaded plugin ipmanager (category:base,tabindex:5)
2025-08-05 23:45:32,573 [INFO] PluginManage:310 - Check plugin lpbam
2025-08-05 23:45:32,599 [INFO] PluginManage:359 - Loaded plugin lpbam (category:base,tabindex:0)
2025-08-05 23:45:32,600 [INFO] PluginManage:310 - Check plugin memorymap
2025-08-05 23:45:32,623 [INFO] PluginManage:359 - Loaded plugin memorymap (category:base,tabindex:4)
2025-08-05 23:45:32,623 [INFO] PluginManage:310 - Check plugin pinoutandconfiguration
2025-08-05 23:45:32,630 [INFO] PluginManage:359 - Loaded plugin pinoutandconfiguration (category:base,tabindex:1)
2025-08-05 23:45:32,630 [INFO] PluginManage:310 - Check plugin pinoutconfig
2025-08-05 23:45:32,758 [WARN] SupportedApi:132 - Cannot load RTOS API schema: s4s-elt-must-match.1: The content of 'definitions' must match (annotation?, (simpleType | complexType)?, (unique | key | keyref)*)). A problem was found starting at: attribute.
2025-08-05 23:45:32,989 [INFO] PluginManage:359 - Loaded plugin pinoutconfig (category:base,tabindex:0)
2025-08-05 23:45:32,990 [INFO] PluginManage:310 - Check plugin power
2025-08-05 23:45:33,005 [INFO] PluginManage:359 - Loaded plugin power (category:power,tabindex:4)
2025-08-05 23:45:33,006 [INFO] PluginManage:310 - Check plugin projectmanager
2025-08-05 23:45:33,037 [INFO] PluginManage:359 - Loaded plugin projectmanager (category:projectmanager,tabindex:4)
2025-08-05 23:45:33,037 [INFO] PluginManage:310 - Check plugin rif
2025-08-05 23:45:33,044 [INFO] PluginManage:359 - Loaded plugin rif (category:base,tabindex:3)
2025-08-05 23:45:33,044 [INFO] PluginManage:310 - Check plugin thirdparty
2025-08-05 23:45:33,196 [INFO] PluginManage:359 - Loaded plugin thirdparty (category:base,tabindex:-1)
2025-08-05 23:45:33,197 [INFO] PluginManage:310 - Check plugin tools
2025-08-05 23:45:33,201 [INFO] PluginManage:359 - Loaded plugin tools (category:base,tabindex:7)
2025-08-05 23:45:33,201 [INFO] PluginManage:310 - Check plugin tutovideos
2025-08-05 23:45:33,196 [WARN] IntegrityCheckThread:84 - waiting for thirdparty lock release [integrity check]
2025-08-05 23:45:33,202 [INFO] IntegrityCheckThread:86 - entering critical section [integrity check]
2025-08-05 23:45:33,203 [INFO] ThirdPartyUpdaterWithRetryManager:70 - Updater plugin not ready yet. [1/15]
2025-08-05 23:45:33,398 [INFO] PluginManage:359 - Loaded plugin tutovideos (category:base,tabindex:-1)
2025-08-05 23:45:33,399 [INFO] PluginManage:310 - Check plugin updater
2025-08-05 23:45:33,434 [INFO] PluginManage:359 - Loaded plugin updater (category:base,tabindex:12)
2025-08-05 23:45:33,435 [INFO] PluginManage:310 - Check plugin userauth
2025-08-05 23:45:33,439 [INFO] UserAuth:118 - Init User Auth plugin
2025-08-05 23:45:33,442 [INFO] PluginManage:359 - Loaded plugin userauth (category:base,tabindex:14)
2025-08-05 23:45:33,444 [INFO] PluginManage:283 - PluginManage : Loaded plugins [18]
2025-08-05 23:45:33,842 [INFO] PinOutPanel:1589 - setPackage(No Configuration,No Configuration)
2025-08-05 23:45:33,922 [INFO] CADModel:165 - CPN selected for project level
2025-08-05 23:45:33,922 [INFO] CADModel:114 - Register for checkConnection events
2025-08-05 23:45:33,933 [INFO] IPUIPlugin:80 - create IPUIPlugin
2025-08-05 23:45:33,933 [INFO] PluginManager:220 - loadIPPluginJar : add mdma
2025-08-05 23:45:33,940 [INFO] IPUIPlugin:80 - create IPUIPlugin
2025-08-05 23:45:33,941 [INFO] PluginManager:220 - loadIPPluginJar : add freertos
2025-08-05 23:45:33,945 [INFO] IPUIPlugin:80 - create IPUIPlugin
2025-08-05 23:45:33,945 [INFO] PluginManager:220 - loadIPPluginJar : add gic
2025-08-05 23:45:33,953 [INFO] IPUIPlugin:80 - create IPUIPlugin
2025-08-05 23:45:33,954 [INFO] PluginManager:220 - loadIPPluginJar : add adc
2025-08-05 23:45:33,956 [INFO] IPUIPlugin:80 - create IPUIPlugin
2025-08-05 23:45:33,956 [INFO] PluginManager:220 - loadIPPluginJar : add gtzc
2025-08-05 23:45:33,957 [INFO] IPUIPlugin:80 - create IPUIPlugin
2025-08-05 23:45:33,957 [INFO] PluginManager:220 - loadIPPluginJar : add quadspi
2025-08-05 23:45:33,959 [INFO] IPUIPlugin:80 - create IPUIPlugin
2025-08-05 23:45:33,959 [INFO] PluginManager:220 - loadIPPluginJar : add aes
2025-08-05 23:45:33,960 [INFO] IPUIPlugin:80 - create IPUIPlugin
2025-08-05 23:45:33,960 [INFO] PluginManager:220 - loadIPPluginJar : add pdm2pcm
2025-08-05 23:45:33,962 [INFO] IPUIPlugin:80 - create IPUIPlugin
2025-08-05 23:45:33,962 [INFO] PluginManager:220 - loadIPPluginJar : add hash
2025-08-05 23:45:33,963 [INFO] IPUIPlugin:80 - create IPUIPlugin
2025-08-05 23:45:33,963 [INFO] PluginManager:220 - loadIPPluginJar : add tim
2025-08-05 23:45:33,964 [INFO] IPUIPlugin:80 - create IPUIPlugin
2025-08-05 23:45:33,964 [INFO] PluginManager:220 - loadIPPluginJar : add tsc
2025-08-05 23:45:33,966 [INFO] IPUIPlugin:80 - create IPUIPlugin
2025-08-05 23:45:33,966 [INFO] PluginManager:220 - loadIPPluginJar : add extmemmanager
2025-08-05 23:45:33,969 [INFO] IPUIPlugin:80 - create IPUIPlugin
2025-08-05 23:45:33,969 [INFO] PluginManager:220 - loadIPPluginJar : add ts
2025-08-05 23:45:33,970 [INFO] IPUIPlugin:80 - create IPUIPlugin
2025-08-05 23:45:33,971 [INFO] PluginManager:220 - loadIPPluginJar : add radio
2025-08-05 23:45:33,972 [INFO] IPUIPlugin:80 - create IPUIPlugin
2025-08-05 23:45:33,972 [INFO] PluginManager:220 - loadIPPluginJar : add can
2025-08-05 23:45:33,975 [INFO] IPUIPlugin:80 - create IPUIPlugin
2025-08-05 23:45:33,975 [INFO] PluginManager:220 - loadIPPluginJar : add dma3
2025-08-05 23:45:33,977 [INFO] IPUIPlugin:80 - create IPUIPlugin
2025-08-05 23:45:33,977 [INFO] PluginManager:220 - loadIPPluginJar : add dfsdm
2025-08-05 23:45:33,980 [INFO] IPUIPlugin:80 - create IPUIPlugin
2025-08-05 23:45:33,981 [INFO] PluginManager:220 - loadIPPluginJar : add spi
2025-08-05 23:45:33,983 [INFO] IPUIPlugin:80 - create IPUIPlugin
2025-08-05 23:45:33,983 [INFO] PluginManager:220 - loadIPPluginJar : add gfxmmu
2025-08-05 23:45:33,985 [INFO] IPUIPlugin:80 - create IPUIPlugin
2025-08-05 23:45:33,986 [INFO] PluginManager:220 - loadIPPluginJar : add genericplugin
2025-08-05 23:45:33,987 [INFO] IPUIPlugin:80 - create IPUIPlugin
2025-08-05 23:45:33,988 [INFO] PluginManager:220 - loadIPPluginJar : add cryp
2025-08-05 23:45:33,991 [INFO] IPUIPlugin:80 - create IPUIPlugin
2025-08-05 23:45:33,991 [INFO] PluginManager:220 - loadIPPluginJar : add gpio
2025-08-05 23:45:33,993 [INFO] IPUIPlugin:80 - create IPUIPlugin
2025-08-05 23:45:33,994 [INFO] PluginManager:220 - loadIPPluginJar : add ddr_ctrl_phy
2025-08-05 23:45:33,996 [INFO] IPUIPlugin:80 - create IPUIPlugin
2025-08-05 23:45:33,996 [INFO] PluginManager:220 - loadIPPluginJar : add comp
2025-08-05 23:45:33,998 [INFO] IPUIPlugin:80 - create IPUIPlugin
2025-08-05 23:45:33,999 [INFO] PluginManager:220 - loadIPPluginJar : add tracer_emb
2025-08-05 23:45:34,001 [INFO] IPUIPlugin:80 - create IPUIPlugin
2025-08-05 23:45:34,001 [INFO] PluginManager:220 - loadIPPluginJar : add openamp
2025-08-05 23:45:34,006 [INFO] IPUIPlugin:80 - create IPUIPlugin
2025-08-05 23:45:34,006 [INFO] PluginManager:220 - loadIPPluginJar : add stm32_wpan
2025-08-05 23:45:34,011 [INFO] IPUIPlugin:80 - create IPUIPlugin
2025-08-05 23:45:34,017 [INFO] PluginManager:220 - loadIPPluginJar : add plateformsettings
2025-08-05 23:45:34,019 [INFO] IPUIPlugin:80 - create IPUIPlugin
2025-08-05 23:45:34,020 [INFO] PluginManager:220 - loadIPPluginJar : add ipddr
2025-08-05 23:45:34,022 [INFO] IPUIPlugin:80 - create IPUIPlugin
2025-08-05 23:45:34,022 [INFO] PluginManager:220 - loadIPPluginJar : add usart
2025-08-05 23:45:34,023 [INFO] IPUIPlugin:80 - create IPUIPlugin
2025-08-05 23:45:34,023 [INFO] PluginManager:220 - loadIPPluginJar : add ltdc
2025-08-05 23:45:34,026 [INFO] IPUIPlugin:80 - create IPUIPlugin
2025-08-05 23:45:34,026 [INFO] PluginManager:220 - loadIPPluginJar : add nvic
2025-08-05 23:45:34,027 [INFO] IPUIPlugin:80 - create IPUIPlugin
2025-08-05 23:45:34,027 [INFO] PluginManager:220 - loadIPPluginJar : add fatfs
2025-08-05 23:45:34,032 [INFO] IPUIPlugin:80 - create IPUIPlugin
2025-08-05 23:45:34,032 [INFO] PluginManager:220 - loadIPPluginJar : add linkedlist
2025-08-05 23:45:34,037 [INFO] IPUIPlugin:80 - create IPUIPlugin
2025-08-05 23:45:34,037 [INFO] PluginManager:220 - loadIPPluginJar : add dma
2025-08-05 23:45:34,040 [INFO] IPUIPlugin:80 - create IPUIPlugin
2025-08-05 23:45:34,040 [INFO] PluginManager:220 - loadIPPluginJar : add fmc
2025-08-05 23:45:34,042 [INFO] IPUIPlugin:80 - create IPUIPlugin
2025-08-05 23:45:34,042 [INFO] PluginManager:220 - loadIPPluginJar : add i2s
2025-08-05 23:45:34,043 [INFO] IPUIPlugin:80 - create IPUIPlugin
2025-08-05 23:45:34,044 [INFO] PluginManager:220 - loadIPPluginJar : add ucpd
2025-08-05 23:45:34,045 [INFO] IPUIPlugin:80 - create IPUIPlugin
2025-08-05 23:45:34,045 [INFO] PluginManager:220 - loadIPPluginJar : add lorawan
2025-08-05 23:45:34,047 [INFO] IPUIPlugin:80 - create IPUIPlugin
2025-08-05 23:45:34,047 [INFO] PluginManager:220 - loadIPPluginJar : add opamp
2025-08-05 23:45:34,049 [INFO] IPUIPlugin:80 - create IPUIPlugin
2025-08-05 23:45:34,049 [INFO] PluginManager:220 - loadIPPluginJar : add i3c
2025-08-05 23:45:34,052 [INFO] IPUIPlugin:80 - create IPUIPlugin
2025-08-05 23:45:34,053 [INFO] PluginManager:220 - loadIPPluginJar : add touchsensing
2025-08-05 23:45:34,057 [INFO] IPUIPlugin:80 - create IPUIPlugin
2025-08-05 23:45:34,057 [INFO] PluginManager:220 - loadIPPluginJar : add i2c
2025-08-05 23:45:34,061 [INFO] IPUIPlugin:80 - create IPUIPlugin
2025-08-05 23:45:34,062 [INFO] PluginManager:220 - loadIPPluginJar : add resmgrutility
2025-08-05 23:45:34,064 [INFO] IPUIPlugin:80 - create IPUIPlugin
2025-08-05 23:45:34,064 [INFO] PluginManager:220 - loadIPPluginJar : add sai
2025-08-05 23:45:34,067 [INFO] IPUIPlugin:80 - create IPUIPlugin
2025-08-05 23:45:34,067 [INFO] PluginManager:220 - loadIPPluginJar : add usbx
2025-08-05 23:45:34,179 [FATAL] Updater:351 - Updater called before beeing initialized
2025-08-05 23:45:34,245 [INFO] RulesReader:64 - Compatibility file has been processed (317 Rules)
2025-08-05 23:45:34,256 [INFO] RulesReader:64 - Compatibility file has been processed (317 Rules)
2025-08-05 23:45:34,267 [INFO] CADModel:165 - CPN selected for project level
2025-08-05 23:45:34,268 [INFO] CADModel:114 - Register for checkConnection events
2025-08-05 23:45:34,268 [FATAL] Updater:351 - Updater called before beeing initialized
2025-08-05 23:45:34,268 [ERROR] CADModel:125 - Updater not yet initialized, retry later 
2025-08-05 23:45:34,518 [FATAL] Updater:351 - Updater called before beeing initialized
2025-08-05 23:45:34,520 [INFO] CADModel:165 - CPN selected for project level
2025-08-05 23:45:34,520 [INFO] CADModel:114 - Register for checkConnection events
2025-08-05 23:45:34,520 [FATAL] Updater:351 - Updater called before beeing initialized
2025-08-05 23:45:34,520 [ERROR] CADModel:125 - Updater not yet initialized, retry later 
2025-08-05 23:45:34,524 [FATAL] Updater:351 - Updater called before beeing initialized
2025-08-05 23:45:34,688 [FATAL] Updater:351 - Updater called before beeing initialized
2025-08-05 23:45:34,693 [INFO] DbMcusAds:53 - JSON generation date=Thu Sep 30 02:55:09 EDT 2021 (1632984909247)
2025-08-05 23:45:34,693 [FATAL] Updater:351 - Updater called before beeing initialized
2025-08-05 23:45:34,742 [WARN] DetailPanel:346 - Failed to get advertising image, set to default
2025-08-05 23:45:35,055 [FATAL] Updater:351 - Updater called before beeing initialized
2025-08-05 23:45:35,086 [FATAL] Updater:351 - Updater called before beeing initialized
2025-08-05 23:45:35,089 [FATAL] Updater:351 - Updater called before beeing initialized
2025-08-05 23:45:35,092 [WARN] DetailPanel:346 - Failed to get advertising image, set to default
2025-08-05 23:45:35,123 [FATAL] Updater:351 - Updater called before beeing initialized
2025-08-05 23:45:35,350 [ERROR] Updater:1198 - MainUpdater not yet initialized. External WinMGr cannot be set.
2025-08-05 23:45:35,364 [INFO] Updater:1134 - Updater Version found : 6.15.0
2025-08-05 23:45:35,383 [INFO] ApplicationProperties:184 - Using Application install path: /Applications/STM32CubeIDE.app/Contents/Eclipse/plugins/com.st.stm32cube.common.mx_6.15.0.202507011659
2025-08-05 23:45:35,944 [INFO] MainUpdater:2872 - connection check result : 10
2025-08-05 23:45:35,945 [INFO] MainUpdater:289 - Updater Check For Update Now.
2025-08-05 23:45:35,945 [INFO] MicroXplorer:498 - Change Database Version : DB.6.0.150
2025-08-05 23:45:35,959 [INFO] McuFinderGlobals:63 - Set McuFinder mode to 2 (CubeIDE integrated)
2025-08-05 23:45:35,959 [INFO] UserAuth:171 - activating auth plugin
2025-08-05 23:45:36,190 [INFO] UserAuth:487 - Internet connection configuration mode: 1
2025-08-05 23:45:36,207 [INFO] JxBrowserEngine:152 - Initiate JxBrowser Engine with user profile folder
2025-08-05 23:45:36,208 [WARN] MainUpdater:1193 - Updater busy. Cannot search thirdparties
2025-08-05 23:45:36,208 [INFO] ThirdPartyUpdaterWithRetryManager:96 - Updater plugin is busy. [1/15]
2025-08-05 23:45:36,263 [INFO] CheckServerUpdateThread:120 - End of CheckServer Thread
2025-08-05 23:45:39,437 [WARN] PackLoader:240 - Cannot read IP mode file for STMicroelectronics.FP-SNS-MOTENVWB1.1.4.0
2025-08-05 23:45:39,462 [WARN] PackLoader:240 - Cannot read IP mode file for STMicroelectronics.FP-ATR-ASTRA1.2.0.2
2025-08-05 23:45:39,481 [WARN] PackLoader:240 - Cannot read IP mode file for STMicroelectronics.X-CUBE-SMBUS.2.1.0
2025-08-05 23:45:39,492 [WARN] PackLoader:240 - Cannot read IP mode file for STMicroelectronics.X-CUBE-ST60.1.0.0
2025-08-05 23:45:39,554 [WARN] PackLoader:240 - Cannot read IP mode file for STMicroelectronics.X-CUBE-AZRTOS-F7.1.1.0
2025-08-05 23:45:39,635 [WARN] PackLoader:240 - Cannot read IP mode file for Infineon.AIROC-Wi-Fi-Bluetooth-STM32.1.7.1
2025-08-05 23:45:39,728 [WARN] PackLoader:240 - Cannot read IP mode file for STMicroelectronics.X-CUBE-AZRTOS-H7.3.4.0
2025-08-05 23:45:39,773 [WARN] PackLoader:240 - Cannot read IP mode file for STMicroelectronics.X-CUBE-DISPLAY.3.0.0
2025-08-05 23:45:39,807 [WARN] PackLoader:240 - Cannot read IP mode file for STMicroelectronics.X-CUBE-NFC10.1.0.0
2025-08-05 23:45:39,825 [WARN] PackLoader:240 - Cannot read IP mode file for emotas.I-CUBE-CANOPEN.1.3.0
2025-08-05 23:45:39,847 [WARN] PackLoader:240 - Cannot read IP mode file for STMicroelectronics.FP-SNS-STBOX1.2.1.0
2025-08-05 23:45:39,860 [WARN] PackLoader:240 - Cannot read IP mode file for STMicroelectronics.FP-SNS-SMARTAG2.1.2.0
2025-08-05 23:45:39,867 [WARN] PackLoader:240 - Cannot read IP mode file for STMicroelectronics.FP-SNS-FLIGHT1.5.1.0
2025-08-05 23:45:39,877 [INFO] LogOutputStream:77 - [STDOUT_REDIRECT] 1 : Invalid condition id : UX_CORESTACK_Condition cause : null
2025-08-05 23:45:39,879 [INFO] LogOutputStream:77 - [STDOUT_REDIRECT] 1 : Invalid condition id : UX_CORESTACK_Condition cause : null
2025-08-05 23:45:39,879 [INFO] LogOutputStream:77 - [STDOUT_REDIRECT] 1 : Invalid condition id : UX_CORESTACK_Condition cause : null
2025-08-05 23:45:39,880 [INFO] LogOutputStream:77 - [STDOUT_REDIRECT] 1 : Invalid condition id : UX_CORESTACK_Condition cause : null
2025-08-05 23:45:39,881 [INFO] LogOutputStream:77 - [STDOUT_REDIRECT] 1 : Invalid condition id : UX_CORESTACK_Condition cause : null
2025-08-05 23:45:39,889 [WARN] PackLoader:240 - Cannot read IP mode file for STMicroelectronics.X-CUBE-AZRTOS-WL.2.0.0
2025-08-05 23:45:39,903 [WARN] PackLoader:240 - Cannot read IP mode file for STMicroelectronics.FP-SNS-MOTENV1.5.0.0
2025-08-05 23:45:39,942 [WARN] PackLoader:240 - Cannot read IP mode file for WES.I-CUBE-Cesium.1.3.0
2025-08-05 23:45:39,985 [WARN] PackLoader:240 - Cannot read IP mode file for STMicroelectronics.X-CUBE-BLE2.3.3.0
2025-08-05 23:45:40,021 [WARN] PackLoader:240 - Cannot read IP mode file for STMicroelectronics.X-CUBE-NFC9.1.0.0
2025-08-05 23:45:40,039 [WARN] PackLoader:240 - Cannot read IP mode file for wolfSSL.I-CUBE-wolfSSL.5.8.2
2025-08-05 23:45:40,135 [WARN] PackLoader:240 - Cannot read IP mode file for STMicroelectronics.X-CUBE-BLE1.7.1.0
2025-08-05 23:45:40,161 [WARN] PackLoader:240 - Cannot read IP mode file for wolfSSL.I-CUBE-wolfMQTT.1.19.2
2025-08-05 23:45:40,197 [WARN] PackLoader:240 - Cannot read IP mode file for STMicroelectronics.X-CUBE-EEPRMA1.5.2.0
2025-08-05 23:45:40,254 [WARN] PackLoader:240 - Cannot read IP mode file for STMicroelectronics.X-CUBE-AZRTOS-G0.1.1.0
2025-08-05 23:45:40,291 [WARN] PackLoader:240 - Cannot read IP mode file for STMicroelectronics.X-CUBE-SAFEA1.1.2.2
2025-08-05 23:45:40,302 [WARN] PackLoader:240 - Cannot read IP mode file for STMicroelectronics.X-CUBE-NFC4.3.0.0
2025-08-05 23:45:40,324 [WARN] PackLoader:240 - Cannot read IP mode file for EmbeddedOffice.I-CUBE-FS-RTOS.1.0.1
2025-08-05 23:45:40,335 [WARN] PackLoader:240 - Cannot read IP mode file for STMicroelectronics.X-CUBE-WB05N.2.0.0
2025-08-05 23:45:40,359 [WARN] PackLoader:240 - Cannot read IP mode file for wolfSSL.I-CUBE-wolfTPM.3.8.0
2025-08-05 23:45:40,369 [WARN] PackLoader:240 - Cannot read IP mode file for STMicroelectronics.X-CUBE-TCPP.4.2.0
2025-08-05 23:45:40,375 [WARN] PackLoader:240 - Cannot read IP mode file for RealThread.X-CUBE-RT-Thread_Nano.4.1.1
2025-08-05 23:45:40,378 [INFO] WebApp:169 - Instantiating new browser for Auth
2025-08-05 23:45:40,379 [WARN] PackLoader:240 - Cannot read IP mode file for STMicroelectronics.FP-ATR-SIGFOX1.3.2.0
2025-08-05 23:45:40,384 [WARN] PackLoader:240 - Cannot read IP mode file for ITTIA_DB.I-CUBE-ITTIADB.8.9.0
2025-08-05 23:45:40,401 [WARN] PackLoader:240 - Cannot read IP mode file for STMicroelectronics.X-CUBE-ST67W61.1.0.0
2025-08-05 23:45:40,426 [WARN] PackLoader:240 - Cannot read IP mode file for STMicroelectronics.X-CUBE-AI.10.2.0
2025-08-05 23:45:40,515 [WARN] PackLoader:240 - Cannot read IP mode file for SEGGER.I-CUBE-embOS.1.3.1
2025-08-05 23:45:40,592 [WARN] PackLoader:240 - Cannot read IP mode file for STMicroelectronics.X-CUBE-ALGOBUILD.1.4.0
2025-08-05 23:45:40,690 [WARN] PackLoader:240 - Cannot read IP mode file for STMicroelectronics.X-CUBE-MEMS1.11.3.0
2025-08-05 23:45:40,830 [WARN] PackLoader:240 - Cannot read IP mode file for STMicroelectronics.X-CUBE-PM33A1.1.0.0
2025-08-05 23:45:40,853 [WARN] PackLoader:240 - Cannot read IP mode file for STMicroelectronics.X-CUBE-AZRTOS-F4.1.1.0
2025-08-05 23:45:40,861 [WARN] PackLoader:240 - Cannot read IP mode file for Avnet-IotConnect.X-CUBE-IoTC-DA16k-PMOD.1.0.0
2025-08-05 23:45:40,871 [WARN] PackLoader:240 - Cannot read IP mode file for STMicroelectronics.X-CUBE-ISPU.2.1.0
2025-08-05 23:45:40,886 [WARN] PackLoader:240 - Cannot read IP mode file for STMicroelectronics.X-CUBE-NFC12.1.0.0
2025-08-05 23:45:40,920 [WARN] PackLoader:240 - Cannot read IP mode file for STMicroelectronics.X-CUBE-AZRTOS-L5.2.0.0
2025-08-05 23:45:40,952 [WARN] PackLoader:240 - Cannot read IP mode file for STMicroelectronics.X-CUBE-NFC6.3.1.0
2025-08-05 23:45:40,968 [WARN] PackLoader:240 - Cannot read IP mode file for STMicroelectronics.X-CUBE-FREERTOS.1.3.1
2025-08-05 23:45:40,979 [WARN] PackLoader:240 - Cannot read IP mode file for STMicroelectronics.FP-SNS-STAIOTCFT.1.0.0
2025-08-05 23:45:40,989 [WARN] PackLoader:240 - Cannot read IP mode file for STMicroelectronics.X-CUBE-DPower.1.3.0
2025-08-05 23:45:41,018 [WARN] ConditionMgr:438 - getConditionDescription Invalid condition id : LAN8742 Phy interface Condition cause : null
2025-08-05 23:45:41,022 [WARN] PackLoader:240 - Cannot read IP mode file for STMicroelectronics.X-CUBE-AZRTOS-L4.2.0.0
2025-08-05 23:45:41,028 [WARN] ConditionMgr:1044 - genDependencies : Invalid condition id : LAN8742 Phy interface Condition cause : null
2025-08-05 23:45:41,029 [WARN] ConditionMgr:1044 - genDependencies : Invalid condition id : LAN8742 Phy interface Condition cause : null
2025-08-05 23:45:41,031 [WARN] ConditionMgr:1044 - genDependencies : Invalid condition id : LAN8742 Phy interface Condition cause : null
2025-08-05 23:45:41,052 [WARN] PackLoader:240 - Cannot read IP mode file for STMicroelectronics.X-CUBE-SFXS2LP1.4.0.0
2025-08-05 23:45:41,080 [WARN] PackLoader:240 - Cannot read IP mode file for STMicroelectronics.X-CUBE-BLEMGR.4.1.0
2025-08-05 23:45:41,109 [WARN] ConditionMgr:438 - getConditionDescription Invalid condition id : UX DEVICE CLASS RTOS Condition cause : null
2025-08-05 23:45:41,110 [WARN] ConditionMgr:438 - getConditionDescription Invalid condition id : UX DEVICE CLASS RTOS Condition cause : null
2025-08-05 23:45:41,119 [WARN] PackLoader:240 - Cannot read IP mode file for STMicroelectronics.X-CUBE-AZRTOS-WB.2.0.0
2025-08-05 23:45:41,121 [WARN] ConditionMgr:1044 - genDependencies : Invalid condition id : UX DEVICE CLASS RTOS Condition cause : null
2025-08-05 23:45:41,121 [WARN] ConditionMgr:1044 - genDependencies : Invalid condition id : UX DEVICE CLASS RTOS Condition cause : null
2025-08-05 23:45:41,123 [WARN] ConditionMgr:1044 - genDependencies : Invalid condition id : UX DEVICE CLASS RTOS Condition cause : null
2025-08-05 23:45:41,125 [WARN] ConditionMgr:1044 - genDependencies : Invalid condition id : UX DEVICE CLASS RTOS Condition cause : null
2025-08-05 23:45:41,125 [WARN] ConditionMgr:1044 - genDependencies : Invalid condition id : UX DEVICE CLASS RTOS Condition cause : null
2025-08-05 23:45:41,135 [WARN] PackLoader:240 - Cannot read IP mode file for STMicroelectronics.X-CUBE-GNSS1.7.0.1
2025-08-05 23:45:41,141 [WARN] PackLoader:240 - Cannot read IP mode file for STMicroelectronics.X-CUBE-TOUCHGFX.4.25.0
2025-08-05 23:45:41,145 [WARN] ConditionMgr:438 - getConditionDescription Invalid condition id : Cortex-A Device cause : null
2025-08-05 23:45:41,168 [WARN] ConditionMgr:1044 - genDependencies : Invalid condition id : Cortex-A Device cause : null
2025-08-05 23:45:41,168 [WARN] ConditionMgr:1044 - genDependencies : Invalid condition id : Cortex-A Device cause : null
2025-08-05 23:45:41,168 [WARN] ConditionMgr:1044 - genDependencies : Invalid condition id : Cortex-A Device cause : null
2025-08-05 23:45:41,182 [WARN] PackLoader:240 - Cannot read IP mode file for STMicroelectronics.X-CUBE-SUBG2.5.0.0
2025-08-05 23:45:41,223 [WARN] PackLoader:240 - Cannot read IP mode file for STMicroelectronics.X-CUBE-AZRTOS-H7RS.1.1.0
2025-08-05 23:45:41,240 [WARN] PackLoader:240 - Cannot read IP mode file for Cesanta.I-CUBE-Mongoose.7.13.0
2025-08-05 23:45:41,260 [WARN] PackLoader:240 - Cannot read IP mode file for STMicroelectronics.X-CUBE-AZRTOS-G4.2.0.0
2025-08-05 23:45:41,267 [WARN] PackLoader:240 - Cannot read IP mode file for wolfSSL.I-CUBE-wolfSSH.1.4.20
2025-08-05 23:45:41,273 [WARN] PackLoader:240 - Cannot read IP mode file for STMicroelectronics.X-CUBE-NFC7.2.0.0
2025-08-05 23:45:41,288 [WARN] PackLoader:240 - Cannot read IP mode file for STMicroelectronics.X-CUBE-IPS.3.1.0
2025-08-05 23:45:41,303 [WARN] PackLoader:240 - Cannot read IP mode file for STMicroelectronics.X-CUBE-ALS.1.0.2
2025-08-05 23:45:41,311 [WARN] PackLoader:240 - Cannot read IP mode file for portGmbH.I-Cube-SoM-uGOAL.1.1.0
2025-08-05 23:45:41,515 [WARN] PackLoader:240 - Cannot read IP mode file for STMicroelectronics.X-CUBE-TOF1.3.4.3
2025-08-05 23:45:41,621 [INFO] ThirdParty:978 - Integrity check success = true
2025-08-05 23:45:41,624 [INFO] IntegrityCheckThread:100 - exiting critical section [integrity check]
2025-08-05 23:45:41,624 [INFO] IntegrityCheckThread:103 - End integrity checks thread
2025-08-05 23:45:42,025 [INFO] WebApp:463 - Apply proxy settings
2025-08-05 23:45:42,094 [INFO] WebApp:508 - Chromium authenticates against Manually configured proxy
2025-08-05 23:45:42,137 [INFO] WebApp:516 - Username used for proxy authentication: 
2025-08-05 23:45:42,183 [INFO] WebApp:900 - Register for checkConnection events
2025-08-05 23:45:42,184 [INFO] WebApp:463 - Apply proxy settings
2025-08-05 23:45:42,196 [INFO] WebApp:508 - Chromium authenticates against Manually configured proxy
2025-08-05 23:45:42,197 [INFO] WebApp:516 - Username used for proxy authentication: 
2025-08-05 23:45:42,398 [INFO] WebApp:225 - Starting web application
2025-08-05 23:45:42,399 [INFO] WebApp:593 - Web application path used /Applications/STM32CubeIDE.app/Contents/Eclipse/plugins/com.st.stm32cube.common.mx_6.15.0.202507011659/db/plugins/mcufinder/reactClient1/index.html
2025-08-05 23:45:42,831 [INFO] WebApp:191 - Connection restablished
